<?xml version="1.0" encoding="UTF-8"?>
<!-- Generated by org.testng.reporters.JUnitReportReporter -->
<testsuite hostname="MacBook-Pro-de-TechM.local" failures="0" tests="3" name="paquete1.DataProviders" time="31.837" errors="0" timestamp="2022-03-13T23:57:14 CST" skipped="0">
  <testcase classname="paquete1.DataProviders" name="sampleTest1" time="9.847"/>
  <system-out/>
  <testcase classname="paquete1.DataProviders" name="sampleTest1" time="9.682"/>
  <system-out/>
  <testcase classname="paquete1.DataProviders" name="sampleTest1" time="12.308"/>
  <system-out/>
</testsuite> <!-- paquete1.DataProviders -->
